<?xml version="1.0" encoding="UTF-8"?>
<!-- Generated by org.testng.reporters.JUnitReportReporter -->
<testsuite hostname="DESKTOP-PE5C432" failures="0" tests="1" name="com.fpm.qa.TestCases.LoginPageTest" time="46.962" errors="0" timestamp="2022-09-13T17:59:04 IST" skipped="0">
  <testcase classname="com.fpm.qa.TestCases.LoginPageTest" name="login" time="46.962"/>
  <system-out/>
</testsuite> <!-- com.fpm.qa.TestCases.LoginPageTest -->
