<?xml version="1.0" encoding="UTF-8"?>
<!-- Generated by org.testng.reporters.JUnitReportReporter -->
<testsuite hostname="DESKTOP-PE5C432" failures="0" tests="1" name="com.fpm.qa.TestCases.SignUpTest" time="0.000" errors="0" timestamp="2022-09-13T18:26:14 IST" skipped="1">
  <testcase classname="com.fpm.qa.TestCases.SignUpTest" name="SignUp" time="0.000">
    <skipped/>
  </testcase> <!-- SignUp -->
  <system-out/>
</testsuite> <!-- com.fpm.qa.TestCases.SignUpTest -->
